[blabanegyptin50.pages.dev/lbnshare.html]
[backblue.gif]
[fade.gif]
[index.html]
[plausible.io/js/script.js]
[blabanegyptin50.pages.dev/fonts/fontawesome-webfont3e6e.html]
[blabanegyptin50.pages.dev/fonts/fontawesome-webfontd41d.html]
[blabanegyptin50.pages.dev/fonts/fontawesome-webfont3e6e-2.html]
[blabanegyptin50.pages.dev/fonts/fontawesome-webfont3e6e-3.html]
[blabanegyptin50.pages.dev/fonts/fontawesome-webfont3e6e-4.html]
[blabanegyptin50.pages.dev/fonts/fontawesome-webfont3e6e-5.html]
[od-jsc.pages.dev/css24478.css]
[od-jsc.pages.dev/droidarabicnaskh.css]
[code.jquery.com/jquery-latest.min.js]
[blabanegyptin50.pages.dev/lbnshare.html]
[bshare.pages.dev/js/1.js]
[blabanegyptin50.pages.dev/fonts/overflow.html]
[ajax.googleapis.com/ajax/libs/jquery/2.2.0/jquery.min.js]
[blabanegyptin50.pages.dev/img/like.html]
[blabanegyptin50.pages.dev/egyp.html]
[blabanegyptin50.pages.dev/saud.html]
[blabanegyptin50.pages.dev/emirt.html]
[blabanegyptin50.pages.dev/jord.html]
[blabanegyptin50.pages.dev/omne.html]
[blabanegyptin50.pages.dev/qatr.html]
[blabanegyptin50.pages.dev/morc.html]
[blabanegyptin50.pages.dev/lybia.html]
[blabanegyptin50.pages.dev/fonts/fontawesome-webfont3e6e.html]
[blabanegyptin50.pages.dev/fonts/fontawesome-webfontd41d.html]
[blabanegyptin50.pages.dev/fonts/fontawesome-webfont3e6e-2.html]
[blabanegyptin50.pages.dev/fonts/fontawesome-webfont3e6e-3.html]
[blabanegyptin50.pages.dev/fonts/fontawesome-webfont3e6e-4.html]
[blabanegyptin50.pages.dev/fonts/fontawesome-webfont3e6e-5.html]
[od-jsc.pages.dev/css24478.css]
[od-jsc.pages.dev/droidarabicnaskh.css]
[bshare.pages.dev/js/1.js]
[fonts.googleapis.com/earlyaccess/droidarabicnaskh.css]
[blabanegyptin50.pages.dev/fonts/overflow.html]
[www.lexus.com.sa/assets/images/global/favicon.html]
[blabanegyptin50.pages.dev/img/like.html]
[blabanegyptin50.pages.dev/img/overflow.html]
[blabanegyptin50.pages.dev/egyp.html]
[blabanegyptin50.pages.dev/saud.html]
[blabanegyptin50.pages.dev/emirt.html]
[blabanegyptin50.pages.dev/jord.html]
[blabanegyptin50.pages.dev/omne.html]
[blabanegyptin50.pages.dev/css/landers/survey-pick-a-box/app75ba.css]
[blabanegyptin50.pages.dev/qatr.html]
[blabanegyptin50.pages.dev/morc.html]
[blabanegyptin50.pages.dev/lybia.html]
[blabanegyptin50.pages.dev/img/overflow.html]
[blabanegyptin50.pages.dev/css/app2042.css]
[blabanegyptin50.pages.dev/css/landers/survey-pick-a-box/app75ba.css]
